[01m[K/home/chawre/OTTO_ws/src/rbt_simulation/src/cpp_node.cpp:1:10:[m[K [01;31m[Kfatal error: [m[Kexample_description/cpp_header.hpp: No such file or directory
    1 | #include [01;31m[K"example_description/cpp_header.hpp"[m[K
      |          [01;31m[K^~~~~~~~~~~~~~~~~~~~~~~~~~~~~~~~~~~~[m[K
compilation terminated.
gmake[2]: *** [CMakeFiles/cpp_node_test.dir/build.make:76: CMakeFiles/cpp_node_test.dir/src/cpp_node.cpp.o] Error 1
gmake[1]: *** [CMakeFiles/Makefile2:192: CMakeFiles/cpp_node_test.dir/all] Error 2
gmake[1]: *** Waiting for unfinished jobs....
gmake: *** [Makefile:146: all] Error 2
