-- Found ament_cmake: 1.3.10 (/opt/ros/humble/share/ament_cmake/cmake)
-- Found rclcpp: 16.0.10 (/opt/ros/humble/share/rclcpp/cmake)
-- Found rosidl_generator_c: 3.1.5 (/opt/ros/humble/share/rosidl_generator_c/cmake)
-- Found rosidl_adapter: 3.1.5 (/opt/ros/humble/share/rosidl_adapter/cmake)
-- Found rosidl_generator_cpp: 3.1.5 (/opt/ros/humble/share/rosidl_generator_cpp/cmake)
-- Using all available rosidl_typesupport_c: rosidl_typesupport_fastrtps_c;rosidl_typesupport_introspection_c
-- Using all available rosidl_typesupport_cpp: rosidl_typesupport_fastrtps_cpp;rosidl_typesupport_introspection_cpp
-- Found rmw_implementation_cmake: 6.1.2 (/opt/ros/humble/share/rmw_implementation_cmake/cmake)
-- Found rmw_fastrtps_cpp: 6.2.7 (/opt/ros/humble/share/rmw_fastrtps_cpp/cmake)
-- Using RMW implementation 'rmw_fastrtps_cpp' as default
-- Found rclpy: 3.3.14 (/opt/ros/humble/share/rclpy/cmake)
-- Configuring done
-- Generating done
-- Build files have been written to: /home/chawre/OTTO_ws/build/rbt_simulation
[ 50%] [32mBuilding CXX object CMakeFiles/cpp_node_test.dir/src/cpp_node.cpp.o[0m
[ 50%] Built target ament_cmake_python_copy_rbt_simulation
[01m[K/home/chawre/OTTO_ws/src/rbt_simulation/src/cpp_node.cpp:1:10:[m[K [01;31m[Kfatal error: [m[Kexample_description/cpp_header.hpp: No such file or directory
    1 | #include [01;31m[K"example_description/cpp_header.hpp"[m[K
      |          [01;31m[K^~~~~~~~~~~~~~~~~~~~~~~~~~~~~~~~~~~~[m[K
compilation terminated.
gmake[2]: *** [CMakeFiles/cpp_node_test.dir/build.make:76: CMakeFiles/cpp_node_test.dir/src/cpp_node.cpp.o] Error 1
gmake[1]: *** [CMakeFiles/Makefile2:192: CMakeFiles/cpp_node_test.dir/all] Error 2
gmake[1]: *** Waiting for unfinished jobs....
running egg_info
creating rbt_simulation.egg-info
writing rbt_simulation.egg-info/PKG-INFO
writing dependency_links to rbt_simulation.egg-info/dependency_links.txt
writing top-level names to rbt_simulation.egg-info/top_level.txt
writing manifest file 'rbt_simulation.egg-info/SOURCES.txt'
reading manifest file 'rbt_simulation.egg-info/SOURCES.txt'
writing manifest file 'rbt_simulation.egg-info/SOURCES.txt'
[ 50%] Built target ament_cmake_python_build_rbt_simulation_egg
gmake: *** [Makefile:146: all] Error 2
