[0.010s] Invoking command in '/home/chawre/OTTO_ws/build/rbt_simulation': CMAKE_PREFIX_PATH=${CMAKE_PREFIX_PATH}:/home/chawre/Self-Balancing-Robot/ros2_ws/install/controllers:/home/chawre/Self-Balancing-Robot/ros2_ws/install/tf_transformations:/home/chawre/Self-Balancing-Robot/ros2_ws/install/state_estimation:/home/chawre/Self-Balancing-Robot/ros2_ws/install/driver_imu:/opt/ros/humble /usr/bin/cmake /home/chawre/OTTO_ws/src/rbt_simulation -DCMAKE_INSTALL_PREFIX=/home/chawre/OTTO_ws/install/rbt_simulation
[0.020s] -- Found ament_cmake: 1.3.10 (/opt/ros/humble/share/ament_cmake/cmake)
[0.124s] -- Found rclcpp: 16.0.10 (/opt/ros/humble/share/rclcpp/cmake)
[0.147s] -- Found rosidl_generator_c: 3.1.5 (/opt/ros/humble/share/rosidl_generator_c/cmake)
[0.149s] -- Found rosidl_adapter: 3.1.5 (/opt/ros/humble/share/rosidl_adapter/cmake)
[0.153s] -- Found rosidl_generator_cpp: 3.1.5 (/opt/ros/humble/share/rosidl_generator_cpp/cmake)
[0.160s] -- Using all available rosidl_typesupport_c: rosidl_typesupport_fastrtps_c;rosidl_typesupport_introspection_c
[0.169s] -- Using all available rosidl_typesupport_cpp: rosidl_typesupport_fastrtps_cpp;rosidl_typesupport_introspection_cpp
[0.192s] -- Found rmw_implementation_cmake: 6.1.2 (/opt/ros/humble/share/rmw_implementation_cmake/cmake)
[0.194s] -- Found rmw_fastrtps_cpp: 6.2.7 (/opt/ros/humble/share/rmw_fastrtps_cpp/cmake)
[0.292s] -- Using RMW implementation 'rmw_fastrtps_cpp' as default
[0.328s] -- Found rclpy: 3.3.14 (/opt/ros/humble/share/rclpy/cmake)
[0.430s] -- Configuring done
[0.438s] -- Generating done
[0.439s] -- Build files have been written to: /home/chawre/OTTO_ws/build/rbt_simulation
[0.445s] Invoked command in '/home/chawre/OTTO_ws/build/rbt_simulation' returned '0': CMAKE_PREFIX_PATH=${CMAKE_PREFIX_PATH}:/home/chawre/Self-Balancing-Robot/ros2_ws/install/controllers:/home/chawre/Self-Balancing-Robot/ros2_ws/install/tf_transformations:/home/chawre/Self-Balancing-Robot/ros2_ws/install/state_estimation:/home/chawre/Self-Balancing-Robot/ros2_ws/install/driver_imu:/opt/ros/humble /usr/bin/cmake /home/chawre/OTTO_ws/src/rbt_simulation -DCMAKE_INSTALL_PREFIX=/home/chawre/OTTO_ws/install/rbt_simulation
[0.447s] Invoking command in '/home/chawre/OTTO_ws/build/rbt_simulation': CMAKE_PREFIX_PATH=${CMAKE_PREFIX_PATH}:/home/chawre/Self-Balancing-Robot/ros2_ws/install/controllers:/home/chawre/Self-Balancing-Robot/ros2_ws/install/tf_transformations:/home/chawre/Self-Balancing-Robot/ros2_ws/install/state_estimation:/home/chawre/Self-Balancing-Robot/ros2_ws/install/driver_imu:/opt/ros/humble /usr/bin/cmake --build /home/chawre/OTTO_ws/build/rbt_simulation -- -j16 -l16
[0.488s] [ 50%] [32mBuilding CXX object CMakeFiles/cpp_node_test.dir/src/cpp_node.cpp.o[0m
[0.494s] [ 50%] Built target ament_cmake_python_copy_rbt_simulation
[0.495s] [01m[K/home/chawre/OTTO_ws/src/rbt_simulation/src/cpp_node.cpp:1:10:[m[K [01;31m[Kfatal error: [m[Kexample_description/cpp_header.hpp: No such file or directory
[0.495s]     1 | #include [01;31m[K"example_description/cpp_header.hpp"[m[K
[0.495s]       |          [01;31m[K^~~~~~~~~~~~~~~~~~~~~~~~~~~~~~~~~~~~[m[K
[0.495s] compilation terminated.
[0.495s] gmake[2]: *** [CMakeFiles/cpp_node_test.dir/build.make:76: CMakeFiles/cpp_node_test.dir/src/cpp_node.cpp.o] Error 1
[0.496s] gmake[1]: *** [CMakeFiles/Makefile2:192: CMakeFiles/cpp_node_test.dir/all] Error 2
[0.496s] gmake[1]: *** Waiting for unfinished jobs....
[0.693s] running egg_info
[0.694s] creating rbt_simulation.egg-info
[0.694s] writing rbt_simulation.egg-info/PKG-INFO
[0.694s] writing dependency_links to rbt_simulation.egg-info/dependency_links.txt
[0.694s] writing top-level names to rbt_simulation.egg-info/top_level.txt
[0.694s] writing manifest file 'rbt_simulation.egg-info/SOURCES.txt'
[0.696s] reading manifest file 'rbt_simulation.egg-info/SOURCES.txt'
[0.696s] writing manifest file 'rbt_simulation.egg-info/SOURCES.txt'
[0.717s] [ 50%] Built target ament_cmake_python_build_rbt_simulation_egg
[0.718s] gmake: *** [Makefile:146: all] Error 2
[0.720s] Invoked command in '/home/chawre/OTTO_ws/build/rbt_simulation' returned '2': CMAKE_PREFIX_PATH=${CMAKE_PREFIX_PATH}:/home/chawre/Self-Balancing-Robot/ros2_ws/install/controllers:/home/chawre/Self-Balancing-Robot/ros2_ws/install/tf_transformations:/home/chawre/Self-Balancing-Robot/ros2_ws/install/state_estimation:/home/chawre/Self-Balancing-Robot/ros2_ws/install/driver_imu:/opt/ros/humble /usr/bin/cmake --build /home/chawre/OTTO_ws/build/rbt_simulation -- -j16 -l16
